<?xml version="1.0" encoding="utf-8"?><testsuites name="pytest tests"><testsuite name="pytest" errors="0" failures="0" skipped="0" tests="30" time="7.111" timestamp="2026-05-13T22:22:32.806297+00:00" hostname="agent-env-dda61458-d53a-4ea4-b355-4cb457bf7943"><testcase classname="backend.tests.test_lendsplit_api.TestHealth" name="test_root_ok" time="0.151" /><testcase classname="backend.tests.test_lendsplit_api.TestAuth" name="test_signup_creates_user_and_returns_token" time="0.350" /><testcase classname="backend.tests.test_lendsplit_api.TestAuth" name="test_signup_duplicate_returns_409" time="0.118" /><testcase classname="backend.tests.test_lendsplit_api.TestAuth" name="test_login_success" time="0.332" /><testcase classname="backend.tests.test_lendsplit_api.TestAuth" name="test_login_wrong_password_returns_401" time="0.367" /><testcase classname="backend.tests.test_lendsplit_api.TestAuth" name="test_login_nonexistent_returns_401" time="0.564" /><testcase classname="backend.tests.test_lendsplit_api.TestAuth" name="test_me_with_token" time="0.186" /><testcase classname="backend.tests.test_lendsplit_api.TestAuth" name="test_me_without_token_returns_401" time="0.107" /><testcase classname="backend.tests.test_lendsplit_api.TestAuth" name="test_me_invalid_token_returns_401" time="0.123" /><testcase classname="backend.tests.test_lendsplit_api.TestAuth" name="test_logout_ok" time="0.120" /><testcase classname="backend.tests.test_lendsplit_api.TestAuth" name="test_demo_user_login" time="0.493" /><testcase classname="backend.tests.test_lendsplit_api.TestContacts" name="test_create_and_list_contact" time="0.253" /><testcase classname="backend.tests.test_lendsplit_api.TestContacts" name="test_create_contact_missing_email_and_phone" time="0.103" /><testcase classname="backend.tests.test_lendsplit_api.TestContacts" name="test_search_user_by_email_found" time="0.479" /><testcase classname="backend.tests.test_lendsplit_api.TestContacts" name="test_search_user_not_found" time="0.105" /><testcase classname="backend.tests.test_lendsplit_api.TestLoans" name="test_private_mode_rejected" time="0.101" /><testcase classname="backend.tests.test_lendsplit_api.TestLoans" name="test_create_public_loan_metrics" time="0.117" /><testcase classname="backend.tests.test_lendsplit_api.TestLoans" name="test_list_loans_includes_created" time="0.228" /><testcase classname="backend.tests.test_lendsplit_api.TestLoans" name="test_get_loan_by_id" time="0.238" /><testcase classname="backend.tests.test_lendsplit_api.TestLoans" name="test_other_user_cannot_access_loan" time="0.267" /><testcase classname="backend.tests.test_lendsplit_api.TestLoans" name="test_other_user_cannot_update" time="0.250" /><testcase classname="backend.tests.test_lendsplit_api.TestLoans" name="test_other_user_cannot_delete" time="0.239" /><testcase classname="backend.tests.test_lendsplit_api.TestLoans" name="test_update_loan_status_settled" time="0.332" /><testcase classname="backend.tests.test_lendsplit_api.TestLoans" name="test_delete_loan" time="0.363" /><testcase classname="backend.tests.test_lendsplit_api.TestLoans" name="test_loans_requires_auth" time="0.138" /><testcase classname="backend.tests.test_lendsplit_api.TestDashboard" name="test_dashboard_summary" time="0.335" /><testcase classname="backend.tests.test_lendsplit_api.TestSubscription" name="test_plans_returns_three" time="0.113" /><testcase classname="backend.tests.test_lendsplit_api.TestSubscription" name="test_subscribe_private_phonepe" time="0.248" /><testcase classname="backend.tests.test_lendsplit_api.TestSubscription" name="test_subscribe_public_google_play" time="0.108" /><testcase classname="backend.tests.test_lendsplit_api.TestSubscription" name="test_subscription_status_requires_auth" time="0.109" /></testsuite></testsuites>